<?xml version="1.0" encoding="UTF-8"?>
<testsuites name="test" time="226.73" tests="15" failures="0" errors="0">
   <testsuite name="test" tests="15" failures="0" errors="0" time="226.73" skipped="0" timestamp="31-01-2024T16:47:42" hostname="Administrator - DESKTOP-A5OKLIC" id="Test Suites/book store application/test">
      <properties>
[...]
</properties>
      <testcase name="Test Cases/TC1_login invalid" time="11.583" classname="Test Cases/TC1_login invalid" status="PASSED">
         <system-out><![CDATA[31-01-2024T16:47:42 - [TEST_CASE][PASSED] - Test Cases/TC1_login invalid: Test Cases/TC1_login invalid

31-01-2024T16:47:42 - [TEST_STEP][PASSED] - openBrowser(""): Browser is opened with url: ''

31-01-2024T16:47:43 - [MESSAGE][INFO] - Starting 'Chrome' driver

31-01-2024T16:47:43 - [MESSAGE][INFO] - Action delay is set to 0 milliseconds

31-01-2024T16:47:44 - [MESSAGE][PASSED] - Browser is opened with url: ''

31-01-2024T16:47:44 - [TEST_STEP][PASSED] - navigateToUrl("https://demoqa.com/books"): Navigate to 'https://demoqa.com/books' successfully

31-01-2024T16:47:50 - [MESSAGE][PASSED] - Navigate to 'https://demoqa.com/books' successfully

31-01-2024T16:47:50 - [TEST_STEP][PASSED] - maximizeWindow(): Current window maximized

31-01-2024T16:47:50 - [MESSAGE][PASSED] - Current window maximized

31-01-2024T16:47:50 - [TEST_STEP][PASSED] - click(findTestObject("Object Repository/Page_DEMOQA/login/button_Login")): Object: 'Object Repository/Page_DEMOQA/login/button_Login' is clicked on

31-01-2024T16:47:50 - [MESSAGE][PASSED] - Object: 'Object Repository/Page_DEMOQA/login/button_Login' is clicked on

31-01-2024T16:47:50 - [TEST_STEP][PASSED] - setText(findTestObject("Object Repository/Page_DEMOQA/inputuserName"), "coba123"): Text 'coba123' is set on object 'Object Repository/Page_DEMOQA/inputuserName'

31-01-2024T16:47:51 - [MESSAGE][PASSED] - Text 'coba123' is set on object 'Object Repository/Page_DEMOQA/inputuserName'

31-01-2024T16:47:51 - [TEST_STEP][PASSED] - setEncryptedText(findTestObject("Object Repository/Page_DEMOQA/inputpassword"), "1TYJgHr4J6rwnYQhNRHexA=="): Text ****** has been set on object 'Object Repository/Page_DEMOQA/inputpassword'

31-01-2024T16:47:52 - [MESSAGE][PASSED] - Text ****** has been set on object 'Object Repository/Page_DEMOQA/inputpassword'

31-01-2024T16:47:52 - [TEST_STEP][PASSED] - click(findTestObject("Object Repository/Page_DEMOQA/login/button_Login")): Object: 'Object Repository/Page_DEMOQA/login/button_Login' is clicked on

31-01-2024T16:47:52 - [MESSAGE][PASSED] - Object: 'Object Repository/Page_DEMOQA/login/button_Login' is clicked on

31-01-2024T16:47:52 - [TEST_STEP][PASSED] - verifyElementPresent(findTestObject("Page_DEMOQA/login/p_Invalid username or password"), 30): Object 'Object Repository/Page_DEMOQA/login/p_Invalid username or password' is present

31-01-2024T16:47:53 - [MESSAGE][PASSED] - Object 'Object Repository/Page_DEMOQA/login/p_Invalid username or password' is present

31-01-2024T16:47:53 - [TEST_STEP][PASSED] - takeScreenshot(): Taking screenshot successfully

31-01-2024T16:47:54 - [MESSAGE][PASSED] - Taking screenshot successfully
[[ATTACHMENT|C:\\Users\\Administrator\\Katalon Studio\\Book Store Application\\Reports\\20240131_164736\\book store application\\test\\20240131_164736\\1706694473786.png]]]]></system-out>
         <system-err><![CDATA[]]></system-err>
      </testcase>
      <testcase name="Test Cases/TC2_Login valid" time="11.261" classname="Test Cases/TC2_Login valid" status="PASSED">
         <system-out><![CDATA[31-01-2024T16:47:54 - [TEST_CASE][PASSED] - Test Cases/TC2_Login valid: Test Cases/TC2_Login valid

31-01-2024T16:47:54 - [TEST_STEP][PASSED] - openBrowser(""): Browser is opened with url: ''

31-01-2024T16:47:54 - [MESSAGE][WARNING] - A browser is already opened. Closing browser and opening a new one

31-01-2024T16:47:54 - [MESSAGE][INFO] - Starting 'Chrome' driver

31-01-2024T16:47:54 - [MESSAGE][INFO] - Action delay is set to 0 milliseconds

31-01-2024T16:47:55 - [MESSAGE][PASSED] - Browser is opened with url: ''

31-01-2024T16:47:55 - [TEST_STEP][PASSED] - navigateToUrl("https://demoqa.com/books"): Navigate to 'https://demoqa.com/books' successfully

31-01-2024T16:48:00 - [MESSAGE][PASSED] - Navigate to 'https://demoqa.com/books' successfully

31-01-2024T16:48:00 - [TEST_STEP][PASSED] - maximizeWindow(): Current window maximized

31-01-2024T16:48:00 - [MESSAGE][PASSED] - Current window maximized

31-01-2024T16:48:00 - [TEST_STEP][PASSED] - click(findTestObject("Object Repository/Page_DEMOQA/login/button_Login")): Object: 'Object Repository/Page_DEMOQA/login/button_Login' is clicked on

31-01-2024T16:48:00 - [MESSAGE][PASSED] - Object: 'Object Repository/Page_DEMOQA/login/button_Login' is clicked on

31-01-2024T16:48:00 - [TEST_STEP][PASSED] - setText(findTestObject("Object Repository/Page_DEMOQA/inputuserName"), "test123"): Text 'test123' is set on object 'Object Repository/Page_DEMOQA/inputuserName'

31-01-2024T16:48:02 - [MESSAGE][PASSED] - Text 'test123' is set on object 'Object Repository/Page_DEMOQA/inputuserName'

31-01-2024T16:48:02 - [TEST_STEP][PASSED] - setEncryptedText(findTestObject("Object Repository/Page_DEMOQA/inputpassword"), "1TYJgHr4J6rwnYQhNRHexA=="): Text ****** has been set on object 'Object Repository/Page_DEMOQA/inputpassword'

31-01-2024T16:48:02 - [MESSAGE][PASSED] - Text ****** has been set on object 'Object Repository/Page_DEMOQA/inputpassword'

31-01-2024T16:48:02 - [TEST_STEP][PASSED] - click(findTestObject("Object Repository/Page_DEMOQA/login/button_Login")): Object: 'Object Repository/Page_DEMOQA/login/button_Login' is clicked on

31-01-2024T16:48:02 - [MESSAGE][PASSED] - Object: 'Object Repository/Page_DEMOQA/login/button_Login' is clicked on

31-01-2024T16:48:02 - [TEST_STEP][PASSED] - click(findTestObject("Object Repository/Page_DEMOQA/button_Log out")): Object: 'Object Repository/Page_DEMOQA/button_Log out' is clicked on

31-01-2024T16:48:04 - [MESSAGE][PASSED] - Object: 'Object Repository/Page_DEMOQA/button_Log out' is clicked on

31-01-2024T16:48:04 - [TEST_STEP][PASSED] - takeScreenshot(): Taking screenshot successfully

31-01-2024T16:48:05 - [MESSAGE][PASSED] - Taking screenshot successfully
[[ATTACHMENT|C:\\Users\\Administrator\\Katalon Studio\\Book Store Application\\Reports\\20240131_164736\\book store application\\test\\20240131_164736\\1706694485028.png]]]]></system-out>
         <system-err><![CDATA[]]></system-err>
      </testcase>
      <testcase name="Test Cases/TC3_already login" time="11.791" classname="Test Cases/TC3_already login" status="PASSED">
         <system-out><![CDATA[31-01-2024T16:48:05 - [TEST_CASE][PASSED] - Test Cases/TC3_already login: Test Cases/TC3_already login

31-01-2024T16:48:05 - [TEST_STEP][PASSED] - openBrowser(""): Browser is opened with url: ''

31-01-2024T16:48:05 - [MESSAGE][WARNING] - A browser is already opened. Closing browser and opening a new one

31-01-2024T16:48:05 - [MESSAGE][INFO] - Starting 'Chrome' driver

31-01-2024T16:48:05 - [MESSAGE][INFO] - Action delay is set to 0 milliseconds

31-01-2024T16:48:06 - [MESSAGE][PASSED] - Browser is opened with url: ''

31-01-2024T16:48:06 - [TEST_STEP][PASSED] - navigateToUrl("https://demoqa.com/books"): Navigate to 'https://demoqa.com/books' successfully

31-01-2024T16:48:12 - [MESSAGE][PASSED] - Navigate to 'https://demoqa.com/books' successfully

31-01-2024T16:48:12 - [TEST_STEP][PASSED] - maximizeWindow(): Current window maximized

31-01-2024T16:48:12 - [MESSAGE][PASSED] - Current window maximized

31-01-2024T16:48:12 - [TEST_STEP][PASSED] - click(findTestObject("Object Repository/Page_DEMOQA/login/button_Login")): Object: 'Object Repository/Page_DEMOQA/login/button_Login' is clicked on

31-01-2024T16:48:12 - [MESSAGE][PASSED] - Object: 'Object Repository/Page_DEMOQA/login/button_Login' is clicked on

31-01-2024T16:48:12 - [TEST_STEP][PASSED] - setText(findTestObject("Object Repository/Page_DEMOQA/inputuserName"), "test123"): Text 'test123' is set on object 'Object Repository/Page_DEMOQA/inputuserName'

31-01-2024T16:48:13 - [MESSAGE][PASSED] - Text 'test123' is set on object 'Object Repository/Page_DEMOQA/inputuserName'

31-01-2024T16:48:13 - [TEST_STEP][PASSED] - setEncryptedText(findTestObject("Object Repository/Page_DEMOQA/inputpassword"), "1TYJgHr4J6rwnYQhNRHexA=="): Text ****** has been set on object 'Object Repository/Page_DEMOQA/inputpassword'

31-01-2024T16:48:14 - [MESSAGE][PASSED] - Text ****** has been set on object 'Object Repository/Page_DEMOQA/inputpassword'

31-01-2024T16:48:14 - [TEST_STEP][PASSED] - click(findTestObject("Object Repository/Page_DEMOQA/login/button_Login")): Object: 'Object Repository/Page_DEMOQA/login/button_Login' is clicked on

31-01-2024T16:48:14 - [MESSAGE][PASSED] - Object: 'Object Repository/Page_DEMOQA/login/button_Login' is clicked on

31-01-2024T16:48:14 - [TEST_STEP][PASSED] - scrollToElement(findTestObject("Page_DEMOQA/login/li_Login"), 1): Scroll to object 'Object Repository/Page_DEMOQA/login/li_Login' successfully

31-01-2024T16:48:16 - [MESSAGE][PASSED] - Scroll to object 'Object Repository/Page_DEMOQA/login/li_Login' successfully

31-01-2024T16:48:16 - [TEST_STEP][PASSED] - click(findTestObject("Page_DEMOQA/login/li_Login")): Object: 'Object Repository/Page_DEMOQA/login/li_Login' is clicked on

31-01-2024T16:48:16 - [MESSAGE][PASSED] - Object: 'Object Repository/Page_DEMOQA/login/li_Login' is clicked on

31-01-2024T16:48:16 - [TEST_STEP][PASSED] - takeScreenshot(): Taking screenshot successfully

31-01-2024T16:48:17 - [MESSAGE][PASSED] - Taking screenshot successfully
[[ATTACHMENT|C:\\Users\\Administrator\\Katalon Studio\\Book Store Application\\Reports\\20240131_164736\\book store application\\test\\20240131_164736\\1706694496846.png]]]]></system-out>
         <system-err><![CDATA[]]></system-err>
      </testcase>
      <testcase name="Test Cases/TC4_profile" time="11.782" classname="Test Cases/TC4_profile" status="PASSED">
         <system-out><![CDATA[31-01-2024T16:48:17 - [TEST_CASE][PASSED] - Test Cases/TC4_profile: Test Cases/TC4_profile

31-01-2024T16:48:17 - [TEST_STEP][PASSED] - openBrowser(""): Browser is opened with url: ''

31-01-2024T16:48:17 - [MESSAGE][WARNING] - A browser is already opened. Closing browser and opening a new one

31-01-2024T16:48:17 - [MESSAGE][INFO] - Starting 'Chrome' driver

31-01-2024T16:48:17 - [MESSAGE][INFO] - Action delay is set to 0 milliseconds

31-01-2024T16:48:18 - [MESSAGE][PASSED] - Browser is opened with url: ''

31-01-2024T16:48:18 - [TEST_STEP][PASSED] - navigateToUrl("https://demoqa.com/books"): Navigate to 'https://demoqa.com/books' successfully

31-01-2024T16:48:23 - [MESSAGE][PASSED] - Navigate to 'https://demoqa.com/books' successfully

31-01-2024T16:48:23 - [TEST_STEP][PASSED] - maximizeWindow(): Current window maximized

31-01-2024T16:48:23 - [MESSAGE][PASSED] - Current window maximized

31-01-2024T16:48:23 - [TEST_STEP][PASSED] - click(findTestObject("Object Repository/Page_DEMOQA/login/button_Login")): Object: 'Object Repository/Page_DEMOQA/login/button_Login' is clicked on

31-01-2024T16:48:23 - [MESSAGE][PASSED] - Object: 'Object Repository/Page_DEMOQA/login/button_Login' is clicked on

31-01-2024T16:48:23 - [TEST_STEP][PASSED] - setText(findTestObject("Object Repository/Page_DEMOQA/inputuserName"), "test123"): Text 'test123' is set on object 'Object Repository/Page_DEMOQA/inputuserName'

31-01-2024T16:48:25 - [MESSAGE][PASSED] - Text 'test123' is set on object 'Object Repository/Page_DEMOQA/inputuserName'

31-01-2024T16:48:25 - [TEST_STEP][PASSED] - setEncryptedText(findTestObject("Object Repository/Page_DEMOQA/inputpassword"), "1TYJgHr4J6rwnYQhNRHexA=="): Text ****** has been set on object 'Object Repository/Page_DEMOQA/inputpassword'

31-01-2024T16:48:25 - [MESSAGE][PASSED] - Text ****** has been set on object 'Object Repository/Page_DEMOQA/inputpassword'

31-01-2024T16:48:25 - [TEST_STEP][PASSED] - click(findTestObject("Object Repository/Page_DEMOQA/login/button_Login")): Object: 'Object Repository/Page_DEMOQA/login/button_Login' is clicked on

31-01-2024T16:48:25 - [MESSAGE][PASSED] - Object: 'Object Repository/Page_DEMOQA/login/button_Login' is clicked on

31-01-2024T16:48:25 - [TEST_STEP][PASSED] - scrollToElement(findTestObject("Page_DEMOQA/profile/li_Profile"), 1): Scroll to object 'Object Repository/Page_DEMOQA/profile/li_Profile' successfully

31-01-2024T16:48:27 - [MESSAGE][PASSED] - Scroll to object 'Object Repository/Page_DEMOQA/profile/li_Profile' successfully

31-01-2024T16:48:27 - [TEST_STEP][PASSED] - click(findTestObject("Page_DEMOQA/profile/li_Profile")): Object: 'Object Repository/Page_DEMOQA/profile/li_Profile' is clicked on

31-01-2024T16:48:27 - [MESSAGE][PASSED] - Object: 'Object Repository/Page_DEMOQA/profile/li_Profile' is clicked on

31-01-2024T16:48:27 - [TEST_STEP][PASSED] - takeScreenshot(): Taking screenshot successfully

31-01-2024T16:48:28 - [MESSAGE][PASSED] - Taking screenshot successfully
[[ATTACHMENT|C:\\Users\\Administrator\\Katalon Studio\\Book Store Application\\Reports\\20240131_164736\\book store application\\test\\20240131_164736\\1706694508605.png]]]]></system-out>
         <system-err><![CDATA[]]></system-err>
      </testcase>
      <testcase name="Test Cases/TC5_Book added" time="15.033" classname="Test Cases/TC5_Book added" status="PASSED">
         <system-out><![CDATA[31-01-2024T16:48:28 - [TEST_CASE][PASSED] - Test Cases/TC5_Book added: Test Cases/TC5_Book added

31-01-2024T16:48:29 - [TEST_STEP][PASSED] - openBrowser(""): Browser is opened with url: ''

31-01-2024T16:48:29 - [MESSAGE][WARNING] - A browser is already opened. Closing browser and opening a new one

31-01-2024T16:48:29 - [MESSAGE][INFO] - Starting 'Chrome' driver

31-01-2024T16:48:29 - [MESSAGE][INFO] - Action delay is set to 0 milliseconds

31-01-2024T16:48:30 - [MESSAGE][PASSED] - Browser is opened with url: ''

31-01-2024T16:48:30 - [TEST_STEP][PASSED] - navigateToUrl("https://demoqa.com/books"): Navigate to 'https://demoqa.com/books' successfully

31-01-2024T16:48:36 - [MESSAGE][PASSED] - Navigate to 'https://demoqa.com/books' successfully

31-01-2024T16:48:36 - [TEST_STEP][PASSED] - maximizeWindow(): Current window maximized

31-01-2024T16:48:36 - [MESSAGE][PASSED] - Current window maximized

31-01-2024T16:48:36 - [TEST_STEP][PASSED] - click(findTestObject("Object Repository/Page_DEMOQA/login/button_Login")): Object: 'Object Repository/Page_DEMOQA/login/button_Login' is clicked on

31-01-2024T16:48:37 - [MESSAGE][PASSED] - Object: 'Object Repository/Page_DEMOQA/login/button_Login' is clicked on

31-01-2024T16:48:37 - [TEST_STEP][PASSED] - setText(findTestObject("Object Repository/Page_DEMOQA/inputuserName"), "test123"): Text 'test123' is set on object 'Object Repository/Page_DEMOQA/inputuserName'

31-01-2024T16:48:38 - [MESSAGE][PASSED] - Text 'test123' is set on object 'Object Repository/Page_DEMOQA/inputuserName'

31-01-2024T16:48:38 - [TEST_STEP][PASSED] - setEncryptedText(findTestObject("Object Repository/Page_DEMOQA/inputpassword"), "1TYJgHr4J6rwnYQhNRHexA=="): Text ****** has been set on object 'Object Repository/Page_DEMOQA/inputpassword'

31-01-2024T16:48:38 - [MESSAGE][PASSED] - Text ****** has been set on object 'Object Repository/Page_DEMOQA/inputpassword'

31-01-2024T16:48:38 - [TEST_STEP][PASSED] - click(findTestObject("Object Repository/Page_DEMOQA/login/button_Login")): Object: 'Object Repository/Page_DEMOQA/login/button_Login' is clicked on

31-01-2024T16:48:39 - [MESSAGE][PASSED] - Object: 'Object Repository/Page_DEMOQA/login/button_Login' is clicked on

31-01-2024T16:48:39 - [TEST_STEP][PASSED] - click(findTestObject("Object Repository/Page_DEMOQA/book/a_Git Pocket Guide")): Object: 'Object Repository/Page_DEMOQA/book/a_Git Pocket Guide' is clicked on

31-01-2024T16:48:41 - [MESSAGE][PASSED] - Object: 'Object Repository/Page_DEMOQA/book/a_Git Pocket Guide' is clicked on

31-01-2024T16:48:41 - [TEST_STEP][PASSED] - scrollToElement(findTestObject("Page_DEMOQA/book/button_Add To Your Collection"), 1): Scroll to object 'Object Repository/Page_DEMOQA/book/button_Add To Your Collection' successfully

31-01-2024T16:48:42 - [MESSAGE][PASSED] - Scroll to object 'Object Repository/Page_DEMOQA/book/button_Add To Your Collection' successfully

31-01-2024T16:48:42 - [TEST_STEP][PASSED] - click(findTestObject("Object Repository/Page_DEMOQA/book/button_Add To Your Collection")): Object: 'Object Repository/Page_DEMOQA/book/button_Add To Your Collection' is clicked on

31-01-2024T16:48:43 - [MESSAGE][PASSED] - Object: 'Object Repository/Page_DEMOQA/book/button_Add To Your Collection' is clicked on

31-01-2024T16:48:43 - [TEST_STEP][PASSED] - takeScreenshot(): Taking screenshot successfully

31-01-2024T16:48:43 - [MESSAGE][PASSED] - Taking screenshot successfully
[[ATTACHMENT|C:\\Users\\Administrator\\Katalon Studio\\Book Store Application\\Reports\\20240131_164736\\book store application\\test\\20240131_164736\\1706694523677.png]]]]></system-out>
         <system-err><![CDATA[]]></system-err>
      </testcase>
      <testcase name="Test Cases/TC6_Book already" time="15.912" classname="Test Cases/TC6_Book already" status="PASSED">
         <system-out><![CDATA[31-01-2024T16:48:44 - [TEST_CASE][PASSED] - Test Cases/TC6_Book already: Test Cases/TC6_Book already

31-01-2024T16:48:44 - [TEST_STEP][PASSED] - openBrowser(""): Browser is opened with url: ''

31-01-2024T16:48:44 - [MESSAGE][WARNING] - A browser is already opened. Closing browser and opening a new one

31-01-2024T16:48:44 - [MESSAGE][INFO] - Starting 'Chrome' driver

31-01-2024T16:48:44 - [MESSAGE][INFO] - Action delay is set to 0 milliseconds

31-01-2024T16:48:44 - [MESSAGE][PASSED] - Browser is opened with url: ''

31-01-2024T16:48:44 - [TEST_STEP][PASSED] - navigateToUrl("https://demoqa.com/books"): Navigate to 'https://demoqa.com/books' successfully

31-01-2024T16:48:50 - [MESSAGE][PASSED] - Navigate to 'https://demoqa.com/books' successfully

31-01-2024T16:48:50 - [TEST_STEP][PASSED] - maximizeWindow(): Current window maximized

31-01-2024T16:48:50 - [MESSAGE][PASSED] - Current window maximized

31-01-2024T16:48:50 - [TEST_STEP][PASSED] - click(findTestObject("Object Repository/Page_DEMOQA/login/button_Login")): Object: 'Object Repository/Page_DEMOQA/login/button_Login' is clicked on

31-01-2024T16:48:50 - [MESSAGE][PASSED] - Object: 'Object Repository/Page_DEMOQA/login/button_Login' is clicked on

31-01-2024T16:48:50 - [TEST_STEP][PASSED] - setText(findTestObject("Object Repository/Page_DEMOQA/inputuserName"), "test123"): Text 'test123' is set on object 'Object Repository/Page_DEMOQA/inputuserName'

31-01-2024T16:48:52 - [MESSAGE][PASSED] - Text 'test123' is set on object 'Object Repository/Page_DEMOQA/inputuserName'

31-01-2024T16:48:52 - [TEST_STEP][PASSED] - setEncryptedText(findTestObject("Object Repository/Page_DEMOQA/inputpassword"), "1TYJgHr4J6rwnYQhNRHexA=="): Text ****** has been set on object 'Object Repository/Page_DEMOQA/inputpassword'

31-01-2024T16:48:52 - [MESSAGE][PASSED] - Text ****** has been set on object 'Object Repository/Page_DEMOQA/inputpassword'

31-01-2024T16:48:52 - [TEST_STEP][PASSED] - click(findTestObject("Object Repository/Page_DEMOQA/login/button_Login")): Object: 'Object Repository/Page_DEMOQA/login/button_Login' is clicked on

31-01-2024T16:48:52 - [MESSAGE][PASSED] - Object: 'Object Repository/Page_DEMOQA/login/button_Login' is clicked on

31-01-2024T16:48:52 - [TEST_STEP][PASSED] - click(findTestObject("Object Repository/Page_DEMOQA/book/a_Git Pocket Guide")): Object: 'Object Repository/Page_DEMOQA/book/a_Git Pocket Guide' is clicked on

31-01-2024T16:48:57 - [MESSAGE][PASSED] - Object: 'Object Repository/Page_DEMOQA/book/a_Git Pocket Guide' is clicked on

31-01-2024T16:48:57 - [TEST_STEP][PASSED] - scrollToElement(findTestObject("Page_DEMOQA/book/button_Add To Your Collection"), 1): Scroll to object 'Object Repository/Page_DEMOQA/book/button_Add To Your Collection' successfully

31-01-2024T16:48:58 - [MESSAGE][PASSED] - Scroll to object 'Object Repository/Page_DEMOQA/book/button_Add To Your Collection' successfully

31-01-2024T16:48:58 - [TEST_STEP][PASSED] - click(findTestObject("Object Repository/Page_DEMOQA/book/button_Add To Your Collection")): Object: 'Object Repository/Page_DEMOQA/book/button_Add To Your Collection' is clicked on

31-01-2024T16:48:59 - [MESSAGE][PASSED] - Object: 'Object Repository/Page_DEMOQA/book/button_Add To Your Collection' is clicked on

31-01-2024T16:48:59 - [TEST_STEP][PASSED] - click(findTestObject("Object Repository/Page_DEMOQA/book/button_Add To Your Collection")): Object: 'Object Repository/Page_DEMOQA/book/button_Add To Your Collection' is clicked on

31-01-2024T16:48:59 - [MESSAGE][PASSED] - Object: 'Object Repository/Page_DEMOQA/book/button_Add To Your Collection' is clicked on

31-01-2024T16:48:59 - [TEST_STEP][PASSED] - takeScreenshot(): Taking screenshot successfully

31-01-2024T16:48:59 - [MESSAGE][PASSED] - Taking screenshot successfully
[[ATTACHMENT|C:\\Users\\Administrator\\Katalon Studio\\Book Store Application\\Reports\\20240131_164736\\book store application\\test\\20240131_164736\\1706694539636.png]]]]></system-out>
         <system-err><![CDATA[]]></system-err>
      </testcase>
      <testcase name="Test Cases/TC7_search from title without login" time="11.285" classname="Test Cases/TC7_search from title without login" status="PASSED">
         <system-out><![CDATA[31-01-2024T16:48:59 - [TEST_CASE][PASSED] - Test Cases/TC7_search from title without login: Test Cases/TC7_search from title without login

31-01-2024T16:48:59 - [TEST_STEP][PASSED] - openBrowser(""): Browser is opened with url: ''

31-01-2024T16:48:59 - [MESSAGE][WARNING] - A browser is already opened. Closing browser and opening a new one

31-01-2024T16:49:00 - [MESSAGE][INFO] - Starting 'Chrome' driver

31-01-2024T16:49:00 - [MESSAGE][INFO] - Action delay is set to 0 milliseconds

31-01-2024T16:49:00 - [MESSAGE][PASSED] - Browser is opened with url: ''

31-01-2024T16:49:00 - [TEST_STEP][PASSED] - navigateToUrl("https://demoqa.com/books"): Navigate to 'https://demoqa.com/books' successfully

31-01-2024T16:49:06 - [MESSAGE][PASSED] - Navigate to 'https://demoqa.com/books' successfully

31-01-2024T16:49:06 - [TEST_STEP][PASSED] - setText(findTestObject("Object Repository/Page_DEMOQA/inputsearchBox"), "programming"): Text 'programming' is set on object 'Object Repository/Page_DEMOQA/inputsearchBox'

31-01-2024T16:49:08 - [MESSAGE][PASSED] - Text 'programming' is set on object 'Object Repository/Page_DEMOQA/inputsearchBox'

31-01-2024T16:49:08 - [TEST_STEP][PASSED] - click(findTestObject("Object Repository/Page_DEMOQA/book/a_Programming JavaScript Applications")): Object: 'Object Repository/Page_DEMOQA/book/a_Programming JavaScript Applications' is clicked on

31-01-2024T16:49:09 - [MESSAGE][PASSED] - Object: 'Object Repository/Page_DEMOQA/book/a_Programming JavaScript Applications' is clicked on

31-01-2024T16:49:09 - [TEST_STEP][PASSED] - takeScreenshot(): Taking screenshot successfully

31-01-2024T16:49:11 - [MESSAGE][PASSED] - Taking screenshot successfully
[[ATTACHMENT|C:\\Users\\Administrator\\Katalon Studio\\Book Store Application\\Reports\\20240131_164736\\book store application\\test\\20240131_164736\\1706694550970.png]]]]></system-out>
         <system-err><![CDATA[]]></system-err>
      </testcase>
      <testcase name="Test Cases/TC8_search from title with login" time="14.126" classname="Test Cases/TC8_search from title with login" status="PASSED">
         <system-out><![CDATA[31-01-2024T16:49:11 - [TEST_CASE][PASSED] - Test Cases/TC8_search from title with login: Test Cases/TC8_search from title with login

31-01-2024T16:49:11 - [TEST_STEP][PASSED] - openBrowser(""): Browser is opened with url: ''

31-01-2024T16:49:11 - [MESSAGE][WARNING] - A browser is already opened. Closing browser and opening a new one

31-01-2024T16:49:11 - [MESSAGE][INFO] - Starting 'Chrome' driver

31-01-2024T16:49:11 - [MESSAGE][INFO] - Action delay is set to 0 milliseconds

31-01-2024T16:49:12 - [MESSAGE][PASSED] - Browser is opened with url: ''

31-01-2024T16:49:12 - [TEST_STEP][PASSED] - navigateToUrl("https://demoqa.com/books"): Navigate to 'https://demoqa.com/books' successfully

31-01-2024T16:49:18 - [MESSAGE][PASSED] - Navigate to 'https://demoqa.com/books' successfully

31-01-2024T16:49:18 - [TEST_STEP][PASSED] - maximizeWindow(): Current window maximized

31-01-2024T16:49:18 - [MESSAGE][PASSED] - Current window maximized

31-01-2024T16:49:18 - [TEST_STEP][PASSED] - click(findTestObject("Object Repository/Page_DEMOQA/login/button_Login")): Object: 'Object Repository/Page_DEMOQA/login/button_Login' is clicked on

31-01-2024T16:49:18 - [MESSAGE][PASSED] - Object: 'Object Repository/Page_DEMOQA/login/button_Login' is clicked on

31-01-2024T16:49:18 - [TEST_STEP][PASSED] - setText(findTestObject("Object Repository/Page_DEMOQA/inputuserName"), "test123"): Text 'test123' is set on object 'Object Repository/Page_DEMOQA/inputuserName'

31-01-2024T16:49:19 - [MESSAGE][PASSED] - Text 'test123' is set on object 'Object Repository/Page_DEMOQA/inputuserName'

31-01-2024T16:49:19 - [TEST_STEP][PASSED] - setEncryptedText(findTestObject("Object Repository/Page_DEMOQA/inputpassword"), "1TYJgHr4J6rwnYQhNRHexA=="): Text ****** has been set on object 'Object Repository/Page_DEMOQA/inputpassword'

31-01-2024T16:49:20 - [MESSAGE][PASSED] - Text ****** has been set on object 'Object Repository/Page_DEMOQA/inputpassword'

31-01-2024T16:49:20 - [TEST_STEP][PASSED] - click(findTestObject("Object Repository/Page_DEMOQA/login/button_Login")): Object: 'Object Repository/Page_DEMOQA/login/button_Login' is clicked on

31-01-2024T16:49:20 - [MESSAGE][PASSED] - Object: 'Object Repository/Page_DEMOQA/login/button_Login' is clicked on

31-01-2024T16:49:20 - [TEST_STEP][PASSED] - setText(findTestObject("Page_DEMOQA/inputsearchBox"), "program"): Text 'program' is set on object 'Object Repository/Page_DEMOQA/inputsearchBox'

31-01-2024T16:49:22 - [MESSAGE][PASSED] - Text 'program' is set on object 'Object Repository/Page_DEMOQA/inputsearchBox'

31-01-2024T16:49:22 - [TEST_STEP][PASSED] - click(findTestObject("Page_DEMOQA/book/a_Programming JavaScript Applications")): Object: 'Object Repository/Page_DEMOQA/book/a_Programming JavaScript Applications' is clicked on

31-01-2024T16:49:23 - [MESSAGE][PASSED] - Object: 'Object Repository/Page_DEMOQA/book/a_Programming JavaScript Applications' is clicked on

31-01-2024T16:49:23 - [TEST_STEP][PASSED] - takeScreenshot(): Taking screenshot successfully

31-01-2024T16:49:25 - [MESSAGE][PASSED] - Taking screenshot successfully
[[ATTACHMENT|C:\\Users\\Administrator\\Katalon Studio\\Book Store Application\\Reports\\20240131_164736\\book store application\\test\\20240131_164736\\1706694565014.png]]]]></system-out>
         <system-err><![CDATA[]]></system-err>
      </testcase>
      <testcase name="Test Cases/TC9_search from author" time="16.446" classname="Test Cases/TC9_search from author" status="PASSED">
         <system-out><![CDATA[31-01-2024T16:49:25 - [TEST_CASE][PASSED] - Test Cases/TC9_search from author: Test Cases/TC9_search from author

31-01-2024T16:49:25 - [TEST_STEP][PASSED] - openBrowser(""): Browser is opened with url: ''

31-01-2024T16:49:25 - [MESSAGE][WARNING] - A browser is already opened. Closing browser and opening a new one

31-01-2024T16:49:25 - [MESSAGE][INFO] - Starting 'Chrome' driver

31-01-2024T16:49:25 - [MESSAGE][INFO] - Action delay is set to 0 milliseconds

31-01-2024T16:49:26 - [MESSAGE][PASSED] - Browser is opened with url: ''

31-01-2024T16:49:26 - [TEST_STEP][PASSED] - navigateToUrl("https://demoqa.com/books"): Navigate to 'https://demoqa.com/books' successfully

31-01-2024T16:49:33 - [MESSAGE][PASSED] - Navigate to 'https://demoqa.com/books' successfully

31-01-2024T16:49:33 - [TEST_STEP][PASSED] - maximizeWindow(): Current window maximized

31-01-2024T16:49:33 - [MESSAGE][PASSED] - Current window maximized

31-01-2024T16:49:33 - [TEST_STEP][PASSED] - click(findTestObject("Object Repository/Page_DEMOQA/login/button_Login")): Object: 'Object Repository/Page_DEMOQA/login/button_Login' is clicked on

31-01-2024T16:49:34 - [MESSAGE][PASSED] - Object: 'Object Repository/Page_DEMOQA/login/button_Login' is clicked on

31-01-2024T16:49:34 - [TEST_STEP][PASSED] - setText(findTestObject("Object Repository/Page_DEMOQA/inputuserName"), "test123"): Text 'test123' is set on object 'Object Repository/Page_DEMOQA/inputuserName'

31-01-2024T16:49:35 - [MESSAGE][PASSED] - Text 'test123' is set on object 'Object Repository/Page_DEMOQA/inputuserName'

31-01-2024T16:49:35 - [TEST_STEP][PASSED] - setEncryptedText(findTestObject("Object Repository/Page_DEMOQA/inputpassword"), "1TYJgHr4J6rwnYQhNRHexA=="): Text ****** has been set on object 'Object Repository/Page_DEMOQA/inputpassword'

31-01-2024T16:49:36 - [MESSAGE][PASSED] - Text ****** has been set on object 'Object Repository/Page_DEMOQA/inputpassword'

31-01-2024T16:49:36 - [TEST_STEP][PASSED] - click(findTestObject("Object Repository/Page_DEMOQA/login/button_Login")): Object: 'Object Repository/Page_DEMOQA/login/button_Login' is clicked on

31-01-2024T16:49:36 - [MESSAGE][PASSED] - Object: 'Object Repository/Page_DEMOQA/login/button_Login' is clicked on

31-01-2024T16:49:36 - [TEST_STEP][PASSED] - setText(findTestObject("Page_DEMOQA/inputsearchBox"), "eric"): Text 'eric' is set on object 'Object Repository/Page_DEMOQA/inputsearchBox'

31-01-2024T16:49:38 - [MESSAGE][PASSED] - Text 'eric' is set on object 'Object Repository/Page_DEMOQA/inputsearchBox'

31-01-2024T16:49:38 - [TEST_STEP][PASSED] - click(findTestObject("Page_DEMOQA/book/a_Programming JavaScript Applications")): Object: 'Object Repository/Page_DEMOQA/book/a_Programming JavaScript Applications' is clicked on

31-01-2024T16:49:40 - [MESSAGE][PASSED] - Object: 'Object Repository/Page_DEMOQA/book/a_Programming JavaScript Applications' is clicked on

31-01-2024T16:49:40 - [TEST_STEP][PASSED] - takeScreenshot(): Taking screenshot successfully

31-01-2024T16:49:41 - [MESSAGE][PASSED] - Taking screenshot successfully
[[ATTACHMENT|C:\\Users\\Administrator\\Katalon Studio\\Book Store Application\\Reports\\20240131_164736\\book store application\\test\\20240131_164736\\1706694581450.png]]]]></system-out>
         <system-err><![CDATA[]]></system-err>
      </testcase>
      <testcase name="Test Cases/TC10_search from publisher" time="14.001" classname="Test Cases/TC10_search from publisher" status="PASSED">
         <system-out><![CDATA[31-01-2024T16:49:41 - [TEST_CASE][PASSED] - Test Cases/TC10_search from publisher: Test Cases/TC10_search from publisher

31-01-2024T16:49:41 - [TEST_STEP][PASSED] - openBrowser(""): Browser is opened with url: ''

31-01-2024T16:49:41 - [MESSAGE][WARNING] - A browser is already opened. Closing browser and opening a new one

31-01-2024T16:49:42 - [MESSAGE][INFO] - Starting 'Chrome' driver

31-01-2024T16:49:42 - [MESSAGE][INFO] - Action delay is set to 0 milliseconds

31-01-2024T16:49:42 - [MESSAGE][PASSED] - Browser is opened with url: ''

31-01-2024T16:49:42 - [TEST_STEP][PASSED] - navigateToUrl("https://demoqa.com/books"): Navigate to 'https://demoqa.com/books' successfully

31-01-2024T16:49:48 - [MESSAGE][PASSED] - Navigate to 'https://demoqa.com/books' successfully

31-01-2024T16:49:48 - [TEST_STEP][PASSED] - maximizeWindow(): Current window maximized

31-01-2024T16:49:48 - [MESSAGE][PASSED] - Current window maximized

31-01-2024T16:49:48 - [TEST_STEP][PASSED] - click(findTestObject("Object Repository/Page_DEMOQA/login/button_Login")): Object: 'Object Repository/Page_DEMOQA/login/button_Login' is clicked on

31-01-2024T16:49:49 - [MESSAGE][PASSED] - Object: 'Object Repository/Page_DEMOQA/login/button_Login' is clicked on

31-01-2024T16:49:49 - [TEST_STEP][PASSED] - setText(findTestObject("Object Repository/Page_DEMOQA/inputuserName"), "test123"): Text 'test123' is set on object 'Object Repository/Page_DEMOQA/inputuserName'

31-01-2024T16:49:50 - [MESSAGE][PASSED] - Text 'test123' is set on object 'Object Repository/Page_DEMOQA/inputuserName'

31-01-2024T16:49:50 - [TEST_STEP][PASSED] - setEncryptedText(findTestObject("Object Repository/Page_DEMOQA/inputpassword"), "1TYJgHr4J6rwnYQhNRHexA=="): Text ****** has been set on object 'Object Repository/Page_DEMOQA/inputpassword'

31-01-2024T16:49:50 - [MESSAGE][PASSED] - Text ****** has been set on object 'Object Repository/Page_DEMOQA/inputpassword'

31-01-2024T16:49:50 - [TEST_STEP][PASSED] - click(findTestObject("Object Repository/Page_DEMOQA/login/button_Login")): Object: 'Object Repository/Page_DEMOQA/login/button_Login' is clicked on

31-01-2024T16:49:50 - [MESSAGE][PASSED] - Object: 'Object Repository/Page_DEMOQA/login/button_Login' is clicked on

31-01-2024T16:49:50 - [TEST_STEP][PASSED] - setText(findTestObject("Page_DEMOQA/inputsearchBox"), "press"): Text 'press' is set on object 'Object Repository/Page_DEMOQA/inputsearchBox'

31-01-2024T16:49:52 - [MESSAGE][PASSED] - Text 'press' is set on object 'Object Repository/Page_DEMOQA/inputsearchBox'

31-01-2024T16:49:52 - [TEST_STEP][PASSED] - click(findTestObject("Page_DEMOQA/book/a_Eloquent JavaScript, Second Edition")): Object: 'Object Repository/Page_DEMOQA/book/a_Eloquent JavaScript, Second Edition' is clicked on

31-01-2024T16:49:54 - [MESSAGE][PASSED] - Object: 'Object Repository/Page_DEMOQA/book/a_Eloquent JavaScript, Second Edition' is clicked on

31-01-2024T16:49:54 - [TEST_STEP][PASSED] - takeScreenshot(): Taking screenshot successfully

31-01-2024T16:49:55 - [MESSAGE][PASSED] - Taking screenshot successfully
[[ATTACHMENT|C:\\Users\\Administrator\\Katalon Studio\\Book Store Application\\Reports\\20240131_164736\\book store application\\test\\20240131_164736\\1706694595472.png]]]]></system-out>
         <system-err><![CDATA[]]></system-err>
      </testcase>
      <testcase name="Test Cases/TC11_Sorting from author" time="11.552" classname="Test Cases/TC11_Sorting from author" status="PASSED">
         <system-out><![CDATA[31-01-2024T16:49:55 - [TEST_CASE][PASSED] - Test Cases/TC11_Sorting from author: Test Cases/TC11_Sorting from author

31-01-2024T16:49:55 - [TEST_STEP][PASSED] - openBrowser(""): Browser is opened with url: ''

31-01-2024T16:49:55 - [MESSAGE][WARNING] - A browser is already opened. Closing browser and opening a new one

31-01-2024T16:49:56 - [MESSAGE][INFO] - Starting 'Chrome' driver

31-01-2024T16:49:56 - [MESSAGE][INFO] - Action delay is set to 0 milliseconds

31-01-2024T16:49:56 - [MESSAGE][PASSED] - Browser is opened with url: ''

31-01-2024T16:49:56 - [TEST_STEP][PASSED] - navigateToUrl("https://demoqa.com/books"): Navigate to 'https://demoqa.com/books' successfully

31-01-2024T16:50:02 - [MESSAGE][PASSED] - Navigate to 'https://demoqa.com/books' successfully

31-01-2024T16:50:02 - [TEST_STEP][PASSED] - maximizeWindow(): Current window maximized

31-01-2024T16:50:02 - [MESSAGE][PASSED] - Current window maximized

31-01-2024T16:50:02 - [TEST_STEP][PASSED] - click(findTestObject("Object Repository/Page_DEMOQA/login/button_Login")): Object: 'Object Repository/Page_DEMOQA/login/button_Login' is clicked on

31-01-2024T16:50:02 - [MESSAGE][PASSED] - Object: 'Object Repository/Page_DEMOQA/login/button_Login' is clicked on

31-01-2024T16:50:02 - [TEST_STEP][PASSED] - setText(findTestObject("Object Repository/Page_DEMOQA/inputuserName"), "test123"): Text 'test123' is set on object 'Object Repository/Page_DEMOQA/inputuserName'

31-01-2024T16:50:04 - [MESSAGE][PASSED] - Text 'test123' is set on object 'Object Repository/Page_DEMOQA/inputuserName'

31-01-2024T16:50:04 - [TEST_STEP][PASSED] - setEncryptedText(findTestObject("Object Repository/Page_DEMOQA/inputpassword"), "1TYJgHr4J6rwnYQhNRHexA=="): Text ****** has been set on object 'Object Repository/Page_DEMOQA/inputpassword'

31-01-2024T16:50:04 - [MESSAGE][PASSED] - Text ****** has been set on object 'Object Repository/Page_DEMOQA/inputpassword'

31-01-2024T16:50:04 - [TEST_STEP][PASSED] - click(findTestObject("Object Repository/Page_DEMOQA/login/button_Login")): Object: 'Object Repository/Page_DEMOQA/login/button_Login' is clicked on

31-01-2024T16:50:04 - [MESSAGE][PASSED] - Object: 'Object Repository/Page_DEMOQA/login/button_Login' is clicked on

31-01-2024T16:50:04 - [TEST_STEP][PASSED] - click(findTestObject("Page_DEMOQA/div_Author")): Object: 'Object Repository/Page_DEMOQA/div_Author' is clicked on

31-01-2024T16:50:06 - [MESSAGE][PASSED] - Object: 'Object Repository/Page_DEMOQA/div_Author' is clicked on

31-01-2024T16:50:06 - [TEST_STEP][PASSED] - takeScreenshot(): Taking screenshot successfully

31-01-2024T16:50:07 - [MESSAGE][PASSED] - Taking screenshot successfully
[[ATTACHMENT|C:\\Users\\Administrator\\Katalon Studio\\Book Store Application\\Reports\\20240131_164736\\book store application\\test\\20240131_164736\\1706694606996.png]]]]></system-out>
         <system-err><![CDATA[]]></system-err>
      </testcase>
      <testcase name="Test Cases/TC12_more than 1 book" time="44.804" classname="Test Cases/TC12_more than 1 book" status="PASSED">
         <system-out><![CDATA[31-01-2024T16:50:07 - [TEST_CASE][PASSED] - Test Cases/TC12_more than 1 book: Test Cases/TC12_more than 1 book

31-01-2024T16:50:07 - [TEST_STEP][PASSED] - openBrowser(""): Browser is opened with url: ''

31-01-2024T16:50:07 - [MESSAGE][WARNING] - A browser is already opened. Closing browser and opening a new one

31-01-2024T16:50:07 - [MESSAGE][INFO] - Starting 'Chrome' driver

31-01-2024T16:50:07 - [MESSAGE][INFO] - Action delay is set to 0 milliseconds

31-01-2024T16:50:08 - [MESSAGE][PASSED] - Browser is opened with url: ''

31-01-2024T16:50:08 - [TEST_STEP][PASSED] - navigateToUrl("https://demoqa.com/books"): Navigate to 'https://demoqa.com/books' successfully

31-01-2024T16:50:37 - [MESSAGE][PASSED] - Navigate to 'https://demoqa.com/books' successfully

31-01-2024T16:50:37 - [TEST_STEP][PASSED] - maximizeWindow(): Current window maximized

31-01-2024T16:50:37 - [MESSAGE][PASSED] - Current window maximized

31-01-2024T16:50:37 - [TEST_STEP][PASSED] - click(findTestObject("Object Repository/Page_DEMOQA/login/button_Login")): Object: 'Object Repository/Page_DEMOQA/login/button_Login' is clicked on

31-01-2024T16:50:38 - [MESSAGE][PASSED] - Object: 'Object Repository/Page_DEMOQA/login/button_Login' is clicked on

31-01-2024T16:50:38 - [TEST_STEP][PASSED] - setText(findTestObject("Object Repository/Page_DEMOQA/inputuserName"), "test123"): Text 'test123' is set on object 'Object Repository/Page_DEMOQA/inputuserName'

31-01-2024T16:50:39 - [MESSAGE][PASSED] - Text 'test123' is set on object 'Object Repository/Page_DEMOQA/inputuserName'

31-01-2024T16:50:39 - [TEST_STEP][PASSED] - setEncryptedText(findTestObject("Object Repository/Page_DEMOQA/inputpassword"), "1TYJgHr4J6rwnYQhNRHexA=="): Text ****** has been set on object 'Object Repository/Page_DEMOQA/inputpassword'

31-01-2024T16:50:39 - [MESSAGE][PASSED] - Text ****** has been set on object 'Object Repository/Page_DEMOQA/inputpassword'

31-01-2024T16:50:39 - [TEST_STEP][PASSED] - click(findTestObject("Object Repository/Page_DEMOQA/login/button_Login")): Object: 'Object Repository/Page_DEMOQA/login/button_Login' is clicked on

31-01-2024T16:50:40 - [MESSAGE][PASSED] - Object: 'Object Repository/Page_DEMOQA/login/button_Login' is clicked on

31-01-2024T16:50:40 - [TEST_STEP][PASSED] - click(findTestObject("Object Repository/Page_DEMOQA/book/a_Git Pocket Guide")): Object: 'Object Repository/Page_DEMOQA/book/a_Git Pocket Guide' is clicked on

31-01-2024T16:50:42 - [MESSAGE][PASSED] - Object: 'Object Repository/Page_DEMOQA/book/a_Git Pocket Guide' is clicked on

31-01-2024T16:50:42 - [TEST_STEP][PASSED] - scrollToElement(findTestObject("Page_DEMOQA/book/button_Add To Your Collection"), 1): Scroll to object 'Object Repository/Page_DEMOQA/book/button_Add To Your Collection' successfully

31-01-2024T16:50:44 - [MESSAGE][PASSED] - Scroll to object 'Object Repository/Page_DEMOQA/book/button_Add To Your Collection' successfully

31-01-2024T16:50:44 - [TEST_STEP][PASSED] - click(findTestObject("Object Repository/Page_DEMOQA/book/button_Add To Your Collection")): Object: 'Object Repository/Page_DEMOQA/book/button_Add To Your Collection' is clicked on

31-01-2024T16:50:44 - [MESSAGE][PASSED] - Object: 'Object Repository/Page_DEMOQA/book/button_Add To Your Collection' is clicked on

31-01-2024T16:50:44 - [TEST_STEP][PASSED] - click(findTestObject("Page_DEMOQA/book/button_Back To Book Store")): Object: 'Object Repository/Page_DEMOQA/book/button_Back To Book Store' is clicked on

31-01-2024T16:50:44 - [MESSAGE][PASSED] - Object: 'Object Repository/Page_DEMOQA/book/button_Back To Book Store' is clicked on

31-01-2024T16:50:44 - [TEST_STEP][PASSED] - click(findTestObject("Page_DEMOQA/book/a_Learning JavaScript Design Patterns")): Object: 'Object Repository/Page_DEMOQA/book/a_Learning JavaScript Design Patterns' is clicked on

31-01-2024T16:50:46 - [MESSAGE][PASSED] - Object: 'Object Repository/Page_DEMOQA/book/a_Learning JavaScript Design Patterns' is clicked on

31-01-2024T16:50:46 - [TEST_STEP][PASSED] - scrollToElement(findTestObject("Page_DEMOQA/book/button_Add To Your Collection"), 1): Scroll to object 'Object Repository/Page_DEMOQA/book/button_Add To Your Collection' successfully

31-01-2024T16:50:47 - [MESSAGE][PASSED] - Scroll to object 'Object Repository/Page_DEMOQA/book/button_Add To Your Collection' successfully

31-01-2024T16:50:47 - [TEST_STEP][PASSED] - click(findTestObject("Object Repository/Page_DEMOQA/book/button_Add To Your Collection")): Object: 'Object Repository/Page_DEMOQA/book/button_Add To Your Collection' is clicked on

31-01-2024T16:50:48 - [MESSAGE][PASSED] - Object: 'Object Repository/Page_DEMOQA/book/button_Add To Your Collection' is clicked on

31-01-2024T16:50:48 - [TEST_STEP][PASSED] - click(findTestObject("Page_DEMOQA/book/button_Back To Book Store")): Object: 'Object Repository/Page_DEMOQA/book/button_Back To Book Store' is clicked on

31-01-2024T16:50:48 - [MESSAGE][PASSED] - Object: 'Object Repository/Page_DEMOQA/book/button_Back To Book Store' is clicked on

31-01-2024T16:50:48 - [TEST_STEP][PASSED] - scrollToElement(findTestObject("Page_DEMOQA/book/a_Designing Evolvable Web APIs with ASP.NET"), 1): Scroll to object 'Object Repository/Page_DEMOQA/book/a_Designing Evolvable Web APIs with ASP.NET' successfully

31-01-2024T16:50:48 - [MESSAGE][PASSED] - Scroll to object 'Object Repository/Page_DEMOQA/book/a_Designing Evolvable Web APIs with ASP.NET' successfully

31-01-2024T16:50:48 - [TEST_STEP][PASSED] - click(findTestObject("Page_DEMOQA/book/a_Designing Evolvable Web APIs with ASP.NET")): Object: 'Object Repository/Page_DEMOQA/book/a_Designing Evolvable Web APIs with ASP.NET' is clicked on

31-01-2024T16:50:49 - [MESSAGE][PASSED] - Object: 'Object Repository/Page_DEMOQA/book/a_Designing Evolvable Web APIs with ASP.NET' is clicked on

31-01-2024T16:50:49 - [TEST_STEP][PASSED] - scrollToElement(findTestObject("Page_DEMOQA/book/button_Add To Your Collection"), 1): Scroll to object 'Object Repository/Page_DEMOQA/book/button_Add To Your Collection' successfully

31-01-2024T16:50:51 - [MESSAGE][PASSED] - Scroll to object 'Object Repository/Page_DEMOQA/book/button_Add To Your Collection' successfully

31-01-2024T16:50:51 - [TEST_STEP][PASSED] - click(findTestObject("Object Repository/Page_DEMOQA/book/button_Add To Your Collection")): Object: 'Object Repository/Page_DEMOQA/book/button_Add To Your Collection' is clicked on

31-01-2024T16:50:51 - [MESSAGE][PASSED] - Object: 'Object Repository/Page_DEMOQA/book/button_Add To Your Collection' is clicked on

31-01-2024T16:50:51 - [TEST_STEP][PASSED] - click(findTestObject("Page_DEMOQA/book/button_Back To Book Store")): Object: 'Object Repository/Page_DEMOQA/book/button_Back To Book Store' is clicked on

31-01-2024T16:50:52 - [MESSAGE][PASSED] - Object: 'Object Repository/Page_DEMOQA/book/button_Back To Book Store' is clicked on]]></system-out>
         <system-err><![CDATA[]]></system-err>
      </testcase>
      <testcase name="Test Cases/TC13_delete 1 book" time="12.273" classname="Test Cases/TC13_delete 1 book" status="PASSED">
         <system-out><![CDATA[31-01-2024T16:50:52 - [TEST_CASE][PASSED] - Test Cases/TC13_delete 1 book: Test Cases/TC13_delete 1 book

31-01-2024T16:50:52 - [TEST_STEP][PASSED] - openBrowser(""): Browser is opened with url: ''

31-01-2024T16:50:52 - [MESSAGE][WARNING] - A browser is already opened. Closing browser and opening a new one

31-01-2024T16:50:52 - [MESSAGE][INFO] - Starting 'Chrome' driver

31-01-2024T16:50:52 - [MESSAGE][INFO] - Action delay is set to 0 milliseconds

31-01-2024T16:50:53 - [MESSAGE][PASSED] - Browser is opened with url: ''

31-01-2024T16:50:53 - [TEST_STEP][PASSED] - navigateToUrl("https://demoqa.com/books"): Navigate to 'https://demoqa.com/books' successfully

31-01-2024T16:50:58 - [MESSAGE][PASSED] - Navigate to 'https://demoqa.com/books' successfully

31-01-2024T16:50:58 - [TEST_STEP][PASSED] - maximizeWindow(): Current window maximized

31-01-2024T16:50:58 - [MESSAGE][PASSED] - Current window maximized

31-01-2024T16:50:58 - [TEST_STEP][PASSED] - click(findTestObject("Object Repository/Page_DEMOQA/login/button_Login")): Object: 'Object Repository/Page_DEMOQA/login/button_Login' is clicked on

31-01-2024T16:50:59 - [MESSAGE][PASSED] - Object: 'Object Repository/Page_DEMOQA/login/button_Login' is clicked on

31-01-2024T16:50:59 - [TEST_STEP][PASSED] - setText(findTestObject("Object Repository/Page_DEMOQA/inputuserName"), "test123"): Text 'test123' is set on object 'Object Repository/Page_DEMOQA/inputuserName'

31-01-2024T16:51:00 - [MESSAGE][PASSED] - Text 'test123' is set on object 'Object Repository/Page_DEMOQA/inputuserName'

31-01-2024T16:51:00 - [TEST_STEP][PASSED] - setEncryptedText(findTestObject("Object Repository/Page_DEMOQA/inputpassword"), "1TYJgHr4J6rwnYQhNRHexA=="): Text ****** has been set on object 'Object Repository/Page_DEMOQA/inputpassword'

31-01-2024T16:51:00 - [MESSAGE][PASSED] - Text ****** has been set on object 'Object Repository/Page_DEMOQA/inputpassword'

31-01-2024T16:51:00 - [TEST_STEP][PASSED] - click(findTestObject("Object Repository/Page_DEMOQA/login/button_Login")): Object: 'Object Repository/Page_DEMOQA/login/button_Login' is clicked on

31-01-2024T16:51:01 - [MESSAGE][PASSED] - Object: 'Object Repository/Page_DEMOQA/login/button_Login' is clicked on

31-01-2024T16:51:01 - [TEST_STEP][PASSED] - scrollToElement(findTestObject("Page_DEMOQA/profile/li_Profile"), 1): Scroll to object 'Object Repository/Page_DEMOQA/profile/li_Profile' successfully

31-01-2024T16:51:02 - [MESSAGE][PASSED] - Scroll to object 'Object Repository/Page_DEMOQA/profile/li_Profile' successfully

31-01-2024T16:51:02 - [TEST_STEP][PASSED] - click(findTestObject("Page_DEMOQA/profile/li_Profile")): Object: 'Object Repository/Page_DEMOQA/profile/li_Profile' is clicked on

31-01-2024T16:51:03 - [MESSAGE][PASSED] - Object: 'Object Repository/Page_DEMOQA/profile/li_Profile' is clicked on

31-01-2024T16:51:03 - [TEST_STEP][PASSED] - click(findTestObject("Page_DEMOQA/delet")): Object: 'Object Repository/Page_DEMOQA/delet' is clicked on

31-01-2024T16:51:03 - [MESSAGE][PASSED] - Object: 'Object Repository/Page_DEMOQA/delet' is clicked on

31-01-2024T16:51:03 - [TEST_STEP][PASSED] - click(findTestObject("button_OK")): Object: 'Object Repository/button_OK' is clicked on

31-01-2024T16:51:04 - [MESSAGE][PASSED] - Object: 'Object Repository/button_OK' is clicked on]]></system-out>
         <system-err><![CDATA[]]></system-err>
      </testcase>
      <testcase name="Test Cases/TC14_delete all book" time="12.082" classname="Test Cases/TC14_delete all book" status="PASSED">
         <system-out><![CDATA[31-01-2024T16:51:04 - [TEST_CASE][PASSED] - Test Cases/TC14_delete all book: Test Cases/TC14_delete all book

31-01-2024T16:51:04 - [TEST_STEP][PASSED] - openBrowser(""): Browser is opened with url: ''

31-01-2024T16:51:04 - [MESSAGE][WARNING] - A browser is already opened. Closing browser and opening a new one

31-01-2024T16:51:04 - [MESSAGE][INFO] - Starting 'Chrome' driver

31-01-2024T16:51:04 - [MESSAGE][INFO] - Action delay is set to 0 milliseconds

31-01-2024T16:51:05 - [MESSAGE][PASSED] - Browser is opened with url: ''

31-01-2024T16:51:05 - [TEST_STEP][PASSED] - navigateToUrl("https://demoqa.com/books"): Navigate to 'https://demoqa.com/books' successfully

31-01-2024T16:51:10 - [MESSAGE][PASSED] - Navigate to 'https://demoqa.com/books' successfully

31-01-2024T16:51:10 - [TEST_STEP][PASSED] - maximizeWindow(): Current window maximized

31-01-2024T16:51:10 - [MESSAGE][PASSED] - Current window maximized

31-01-2024T16:51:10 - [TEST_STEP][PASSED] - click(findTestObject("Object Repository/Page_DEMOQA/login/button_Login")): Object: 'Object Repository/Page_DEMOQA/login/button_Login' is clicked on

31-01-2024T16:51:11 - [MESSAGE][PASSED] - Object: 'Object Repository/Page_DEMOQA/login/button_Login' is clicked on

31-01-2024T16:51:11 - [TEST_STEP][PASSED] - setText(findTestObject("Object Repository/Page_DEMOQA/inputuserName"), "test123"): Text 'test123' is set on object 'Object Repository/Page_DEMOQA/inputuserName'

31-01-2024T16:51:12 - [MESSAGE][PASSED] - Text 'test123' is set on object 'Object Repository/Page_DEMOQA/inputuserName'

31-01-2024T16:51:12 - [TEST_STEP][PASSED] - setEncryptedText(findTestObject("Object Repository/Page_DEMOQA/inputpassword"), "1TYJgHr4J6rwnYQhNRHexA=="): Text ****** has been set on object 'Object Repository/Page_DEMOQA/inputpassword'

31-01-2024T16:51:12 - [MESSAGE][PASSED] - Text ****** has been set on object 'Object Repository/Page_DEMOQA/inputpassword'

31-01-2024T16:51:12 - [TEST_STEP][PASSED] - click(findTestObject("Object Repository/Page_DEMOQA/login/button_Login")): Object: 'Object Repository/Page_DEMOQA/login/button_Login' is clicked on

31-01-2024T16:51:13 - [MESSAGE][PASSED] - Object: 'Object Repository/Page_DEMOQA/login/button_Login' is clicked on

31-01-2024T16:51:13 - [TEST_STEP][PASSED] - scrollToElement(findTestObject("Page_DEMOQA/profile/li_Profile"), 1): Scroll to object 'Object Repository/Page_DEMOQA/profile/li_Profile' successfully

31-01-2024T16:51:14 - [MESSAGE][PASSED] - Scroll to object 'Object Repository/Page_DEMOQA/profile/li_Profile' successfully

31-01-2024T16:51:14 - [TEST_STEP][PASSED] - click(findTestObject("Page_DEMOQA/profile/li_Profile")): Object: 'Object Repository/Page_DEMOQA/profile/li_Profile' is clicked on

31-01-2024T16:51:14 - [MESSAGE][PASSED] - Object: 'Object Repository/Page_DEMOQA/profile/li_Profile' is clicked on

31-01-2024T16:51:14 - [TEST_STEP][PASSED] - scrollToElement(findTestObject("Page_DEMOQA/button_Delete All Books"), 1): Scroll to object 'Object Repository/Page_DEMOQA/button_Delete All Books' successfully

31-01-2024T16:51:15 - [MESSAGE][PASSED] - Scroll to object 'Object Repository/Page_DEMOQA/button_Delete All Books' successfully

31-01-2024T16:51:15 - [TEST_STEP][PASSED] - click(findTestObject("Page_DEMOQA/button_Delete All Books")): Object: 'Object Repository/Page_DEMOQA/button_Delete All Books' is clicked on

31-01-2024T16:51:16 - [MESSAGE][PASSED] - Object: 'Object Repository/Page_DEMOQA/button_Delete All Books' is clicked on

31-01-2024T16:51:16 - [TEST_STEP][PASSED] - click(findTestObject("Page_DEMOQA/button_OK")): Object: 'Object Repository/Page_DEMOQA/button_OK' is clicked on

31-01-2024T16:51:16 - [MESSAGE][PASSED] - Object: 'Object Repository/Page_DEMOQA/button_OK' is clicked on]]></system-out>
         <system-err><![CDATA[]]></system-err>
      </testcase>
      <testcase name="Test Cases/TC15_delete account" time="12.57" classname="Test Cases/TC15_delete account" status="PASSED">
         <system-out><![CDATA[31-01-2024T16:51:16 - [TEST_CASE][PASSED] - Test Cases/TC15_delete account: Test Cases/TC15_delete account

31-01-2024T16:51:16 - [TEST_STEP][PASSED] - openBrowser(""): Browser is opened with url: ''

31-01-2024T16:51:16 - [MESSAGE][WARNING] - A browser is already opened. Closing browser and opening a new one

31-01-2024T16:51:16 - [MESSAGE][INFO] - Starting 'Chrome' driver

31-01-2024T16:51:16 - [MESSAGE][INFO] - Action delay is set to 0 milliseconds

31-01-2024T16:51:17 - [MESSAGE][PASSED] - Browser is opened with url: ''

31-01-2024T16:51:17 - [TEST_STEP][PASSED] - navigateToUrl("https://demoqa.com/books"): Navigate to 'https://demoqa.com/books' successfully

31-01-2024T16:51:22 - [MESSAGE][PASSED] - Navigate to 'https://demoqa.com/books' successfully

31-01-2024T16:51:22 - [TEST_STEP][PASSED] - maximizeWindow(): Current window maximized

31-01-2024T16:51:23 - [MESSAGE][PASSED] - Current window maximized

31-01-2024T16:51:23 - [TEST_STEP][PASSED] - click(findTestObject("Object Repository/Page_DEMOQA/login/button_Login")): Object: 'Object Repository/Page_DEMOQA/login/button_Login' is clicked on

31-01-2024T16:51:23 - [MESSAGE][PASSED] - Object: 'Object Repository/Page_DEMOQA/login/button_Login' is clicked on

31-01-2024T16:51:23 - [TEST_STEP][PASSED] - setText(findTestObject("Object Repository/Page_DEMOQA/inputuserName"), "test123"): Text 'test123' is set on object 'Object Repository/Page_DEMOQA/inputuserName'

31-01-2024T16:51:24 - [MESSAGE][PASSED] - Text 'test123' is set on object 'Object Repository/Page_DEMOQA/inputuserName'

31-01-2024T16:51:24 - [TEST_STEP][PASSED] - setEncryptedText(findTestObject("Object Repository/Page_DEMOQA/inputpassword"), "1TYJgHr4J6rwnYQhNRHexA=="): Text ****** has been set on object 'Object Repository/Page_DEMOQA/inputpassword'

31-01-2024T16:51:25 - [MESSAGE][PASSED] - Text ****** has been set on object 'Object Repository/Page_DEMOQA/inputpassword'

31-01-2024T16:51:25 - [TEST_STEP][PASSED] - click(findTestObject("Object Repository/Page_DEMOQA/login/button_Login")): Object: 'Object Repository/Page_DEMOQA/login/button_Login' is clicked on

31-01-2024T16:51:25 - [MESSAGE][PASSED] - Object: 'Object Repository/Page_DEMOQA/login/button_Login' is clicked on

31-01-2024T16:51:25 - [TEST_STEP][PASSED] - scrollToElement(findTestObject("Page_DEMOQA/profile/li_Profile"), 1): Scroll to object 'Object Repository/Page_DEMOQA/profile/li_Profile' successfully

31-01-2024T16:51:27 - [MESSAGE][PASSED] - Scroll to object 'Object Repository/Page_DEMOQA/profile/li_Profile' successfully

31-01-2024T16:51:27 - [TEST_STEP][PASSED] - click(findTestObject("Page_DEMOQA/profile/li_Profile")): Object: 'Object Repository/Page_DEMOQA/profile/li_Profile' is clicked on

31-01-2024T16:51:27 - [MESSAGE][PASSED] - Object: 'Object Repository/Page_DEMOQA/profile/li_Profile' is clicked on

31-01-2024T16:51:27 - [TEST_STEP][PASSED] - scrollToElement(findTestObject("Page_DEMOQA/button_Delete Account"), 1): Scroll to object 'Object Repository/Page_DEMOQA/button_Delete Account' successfully

31-01-2024T16:51:28 - [MESSAGE][PASSED] - Scroll to object 'Object Repository/Page_DEMOQA/button_Delete Account' successfully

31-01-2024T16:51:28 - [TEST_STEP][PASSED] - click(findTestObject("Page_DEMOQA/button_Delete Account")): Object: 'Object Repository/Page_DEMOQA/button_Delete Account' is clicked on

31-01-2024T16:51:28 - [MESSAGE][PASSED] - Object: 'Object Repository/Page_DEMOQA/button_Delete Account' is clicked on

31-01-2024T16:51:28 - [TEST_STEP][PASSED] - click(findTestObject("Page_DEMOQA/button_OK")): Object: 'Object Repository/Page_DEMOQA/button_OK' is clicked on

31-01-2024T16:51:29 - [MESSAGE][PASSED] - Object: 'Object Repository/Page_DEMOQA/button_OK' is clicked on]]></system-out>
         <system-err><![CDATA[]]></system-err>
      </testcase>
      <system-out><![CDATA[31-01-2024T16:47:42 - [TEST_SUITE][PASSED] - test: Test Cases/TC15_delete account]]></system-out>
      <system-err><![CDATA[]]></system-err>
   </testsuite>
</testsuites>
